2024-09-12T14:56:30.239+05:30  INFO 35832 --- [SpringbootJPADemo] [restartedMain] c.revature.SpringbootJpaDemoApplication  : Starting SpringbootJpaDemoApplication using Java 22.0.2 with PID 35832 (C:\Users\vilas\OneDrive\Desktop\Revature_Vilas\SpringbootJPADemo\target\classes started by vilas in C:\Users\vilas\OneDrive\Desktop\Revature_Vilas\SpringbootJPADemo)
2024-09-12T14:56:30.252+05:30  INFO 35832 --- [SpringbootJPADemo] [restartedMain] c.revature.SpringbootJpaDemoApplication  : No active profile set, falling back to 1 default profile: "default"
2024-09-12T14:56:30.450+05:30  INFO 35832 --- [SpringbootJPADemo] [restartedMain] .s.d.r.c.RepositoryConfigurationDelegate : Bootstrapping Spring Data JPA repositories in DEFAULT mode.
2024-09-12T14:56:30.456+05:30  INFO 35832 --- [SpringbootJPADemo] [restartedMain] .s.d.r.c.RepositoryConfigurationDelegate : Finished Spring Data repository scanning in 4 ms. Found 1 JPA repository interface.
2024-09-12T14:56:30.572+05:30  INFO 35832 --- [SpringbootJPADemo] [restartedMain] o.s.b.w.embedded.tomcat.TomcatWebServer  : Tomcat initialized with port 8081 (http)
2024-09-12T14:56:30.573+05:30  INFO 35832 --- [SpringbootJPADemo] [restartedMain] o.apache.catalina.core.StandardService   : Starting service [Tomcat]
2024-09-12T14:56:30.573+05:30  INFO 35832 --- [SpringbootJPADemo] [restartedMain] o.apache.catalina.core.StandardEngine    : Starting Servlet engine: [Apache Tomcat/10.1.28]
2024-09-12T14:56:30.589+05:30  INFO 35832 --- [SpringbootJPADemo] [restartedMain] o.a.c.c.C.[Tomcat].[localhost].[/]       : Initializing Spring embedded WebApplicationContext
2024-09-12T14:56:30.589+05:30  INFO 35832 --- [SpringbootJPADemo] [restartedMain] w.s.c.ServletWebServerApplicationContext : Root WebApplicationContext: initialization completed in 333 ms
2024-09-12T14:56:30.697+05:30  INFO 35832 --- [SpringbootJPADemo] [restartedMain] o.hibernate.jpa.internal.util.LogHelper  : HHH000204: Processing PersistenceUnitInfo [name: default]
2024-09-12T14:56:30.701+05:30  INFO 35832 --- [SpringbootJPADemo] [restartedMain] o.h.c.internal.RegionFactoryInitiator    : HHH000026: Second-level cache disabled
2024-09-12T14:56:30.708+05:30  INFO 35832 --- [SpringbootJPADemo] [restartedMain] o.s.o.j.p.SpringPersistenceUnitInfo      : No LoadTimeWeaver setup: ignoring JPA class transformer
2024-09-12T14:56:30.709+05:30  INFO 35832 --- [SpringbootJPADemo] [restartedMain] com.zaxxer.hikari.HikariDataSource       : HikariPool-10 - Starting...
2024-09-12T14:56:30.724+05:30  INFO 35832 --- [SpringbootJPADemo] [restartedMain] com.zaxxer.hikari.pool.HikariPool        : HikariPool-10 - Added connection com.mysql.cj.jdbc.ConnectionImpl@6dd05589
2024-09-12T14:56:30.724+05:30  INFO 35832 --- [SpringbootJPADemo] [restartedMain] com.zaxxer.hikari.HikariDataSource       : HikariPool-10 - Start completed.
2024-09-12T14:56:30.755+05:30  INFO 35832 --- [SpringbootJPADemo] [restartedMain] o.h.e.t.j.p.i.JtaPlatformInitiator       : HHH000489: No JTA platform available (set 'hibernate.transaction.jta.platform' to enable JTA platform integration)
2024-09-12T14:56:30.766+05:30  INFO 35832 --- [SpringbootJPADemo] [restartedMain] j.LocalContainerEntityManagerFactoryBean : Initialized JPA EntityManagerFactory for persistence unit 'default'
2024-09-12T14:56:30.860+05:30  WARN 35832 --- [SpringbootJPADemo] [restartedMain] JpaBaseConfiguration$JpaWebConfiguration : spring.jpa.open-in-view is enabled by default. Therefore, database queries may be performed during view rendering. Explicitly configure spring.jpa.open-in-view to disable this warning
2024-09-12T14:56:31.206+05:30  INFO 35832 --- [SpringbootJPADemo] [restartedMain] o.s.b.d.a.OptionalLiveReloadServer       : LiveReload server is running on port 35729
2024-09-12T14:56:31.211+05:30  INFO 35832 --- [SpringbootJPADemo] [restartedMain] o.s.b.a.e.web.EndpointLinksResolver      : Exposing 15 endpoints beneath base path '/actuator'
2024-09-12T14:56:31.241+05:30  INFO 35832 --- [SpringbootJPADemo] [restartedMain] o.s.b.w.embedded.tomcat.TomcatWebServer  : Tomcat started on port 8081 (http) with context path '/'
2024-09-12T14:56:31.245+05:30  INFO 35832 --- [SpringbootJPADemo] [restartedMain] c.revature.SpringbootJpaDemoApplication  : Started SpringbootJpaDemoApplication in 1.025 seconds (process running for 11860.701)
2024-09-12T14:56:31.247+05:30  INFO 35832 --- [SpringbootJPADemo] [restartedMain] .ConditionEvaluationDeltaLoggingListener : Condition evaluation unchanged
2024-09-12T14:57:09.411+05:30  INFO 28632 --- [SpringbootJPADemo] [restartedMain] c.revature.SpringbootJpaDemoApplication  : Starting SpringbootJpaDemoApplication using Java 22.0.2 with PID 28632 (C:\Users\vilas\OneDrive\Desktop\Revature_Vilas\SpringbootJPADemo\target\classes started by vilas in C:\Users\vilas\OneDrive\Desktop\Revature_Vilas\SpringbootJPADemo)
2024-09-12T14:57:09.414+05:30  INFO 28632 --- [SpringbootJPADemo] [restartedMain] c.revature.SpringbootJpaDemoApplication  : No active profile set, falling back to 1 default profile: "default"
2024-09-12T14:57:09.484+05:30  INFO 28632 --- [SpringbootJPADemo] [restartedMain] .e.DevToolsPropertyDefaultsPostProcessor : Devtools property defaults active! Set 'spring.devtools.add-properties' to 'false' to disable
2024-09-12T14:57:09.484+05:30  INFO 28632 --- [SpringbootJPADemo] [restartedMain] .e.DevToolsPropertyDefaultsPostProcessor : For additional web related logging consider setting the 'logging.level.web' property to 'DEBUG'
2024-09-12T14:57:10.475+05:30  INFO 28632 --- [SpringbootJPADemo] [restartedMain] .s.d.r.c.RepositoryConfigurationDelegate : Bootstrapping Spring Data JPA repositories in DEFAULT mode.
2024-09-12T14:57:10.532+05:30  INFO 28632 --- [SpringbootJPADemo] [restartedMain] .s.d.r.c.RepositoryConfigurationDelegate : Finished Spring Data repository scanning in 48 ms. Found 1 JPA repository interface.
2024-09-12T14:57:11.406+05:30  INFO 28632 --- [SpringbootJPADemo] [restartedMain] o.s.b.w.embedded.tomcat.TomcatWebServer  : Tomcat initialized with port 8081 (http)
2024-09-12T14:57:11.426+05:30  INFO 28632 --- [SpringbootJPADemo] [restartedMain] o.apache.catalina.core.StandardService   : Starting service [Tomcat]
2024-09-12T14:57:11.426+05:30  INFO 28632 --- [SpringbootJPADemo] [restartedMain] o.apache.catalina.core.StandardEngine    : Starting Servlet engine: [Apache Tomcat/10.1.28]
2024-09-12T14:57:11.487+05:30  INFO 28632 --- [SpringbootJPADemo] [restartedMain] o.a.c.c.C.[Tomcat].[localhost].[/]       : Initializing Spring embedded WebApplicationContext
2024-09-12T14:57:11.488+05:30  INFO 28632 --- [SpringbootJPADemo] [restartedMain] w.s.c.ServletWebServerApplicationContext : Root WebApplicationContext: initialization completed in 2000 ms
2024-09-12T14:57:11.846+05:30  INFO 28632 --- [SpringbootJPADemo] [restartedMain] o.hibernate.jpa.internal.util.LogHelper  : HHH000204: Processing PersistenceUnitInfo [name: default]
2024-09-12T14:57:11.934+05:30  INFO 28632 --- [SpringbootJPADemo] [restartedMain] org.hibernate.Version                    : HHH000412: Hibernate ORM core version 6.5.2.Final
2024-09-12T14:57:11.984+05:30  INFO 28632 --- [SpringbootJPADemo] [restartedMain] o.h.c.internal.RegionFactoryInitiator    : HHH000026: Second-level cache disabled
2024-09-12T14:57:12.334+05:30  INFO 28632 --- [SpringbootJPADemo] [restartedMain] o.s.o.j.p.SpringPersistenceUnitInfo      : No LoadTimeWeaver setup: ignoring JPA class transformer
2024-09-12T14:57:12.374+05:30  INFO 28632 --- [SpringbootJPADemo] [restartedMain] com.zaxxer.hikari.HikariDataSource       : HikariPool-1 - Starting...
2024-09-12T14:57:12.713+05:30  INFO 28632 --- [SpringbootJPADemo] [restartedMain] com.zaxxer.hikari.pool.HikariPool        : HikariPool-1 - Added connection com.mysql.cj.jdbc.ConnectionImpl@50783c4e
2024-09-12T14:57:12.715+05:30  INFO 28632 --- [SpringbootJPADemo] [restartedMain] com.zaxxer.hikari.HikariDataSource       : HikariPool-1 - Start completed.
2024-09-12T14:57:13.700+05:30  INFO 28632 --- [SpringbootJPADemo] [restartedMain] o.h.e.t.j.p.i.JtaPlatformInitiator       : HHH000489: No JTA platform available (set 'hibernate.transaction.jta.platform' to enable JTA platform integration)
2024-09-12T14:57:13.770+05:30  INFO 28632 --- [SpringbootJPADemo] [restartedMain] j.LocalContainerEntityManagerFactoryBean : Initialized JPA EntityManagerFactory for persistence unit 'default'
2024-09-12T14:57:14.095+05:30  INFO 28632 --- [SpringbootJPADemo] [restartedMain] o.s.d.j.r.query.QueryEnhancerFactory     : Hibernate is in classpath; If applicable, HQL parser will be used.
2024-09-12T14:57:14.581+05:30  WARN 28632 --- [SpringbootJPADemo] [restartedMain] JpaBaseConfiguration$JpaWebConfiguration : spring.jpa.open-in-view is enabled by default. Therefore, database queries may be performed during view rendering. Explicitly configure spring.jpa.open-in-view to disable this warning
2024-09-12T14:57:15.497+05:30  WARN 28632 --- [SpringbootJPADemo] [restartedMain] o.s.b.d.a.OptionalLiveReloadServer       : Unable to start LiveReload server
2024-09-12T14:57:15.513+05:30  INFO 28632 --- [SpringbootJPADemo] [restartedMain] o.s.b.a.e.web.EndpointLinksResolver      : Exposing 15 endpoints beneath base path '/actuator'
2024-09-12T14:57:15.591+05:30  WARN 28632 --- [SpringbootJPADemo] [restartedMain] ConfigServletWebServerApplicationContext : Exception encountered during context initialization - cancelling refresh attempt: org.springframework.context.ApplicationContextException: Failed to start bean 'webServerStartStop'
2024-09-12T14:57:15.595+05:30  INFO 28632 --- [SpringbootJPADemo] [restartedMain] j.LocalContainerEntityManagerFactoryBean : Closing JPA EntityManagerFactory for persistence unit 'default'
2024-09-12T14:57:15.600+05:30  INFO 28632 --- [SpringbootJPADemo] [restartedMain] com.zaxxer.hikari.HikariDataSource       : HikariPool-1 - Shutdown initiated...
2024-09-12T14:57:15.609+05:30  INFO 28632 --- [SpringbootJPADemo] [restartedMain] com.zaxxer.hikari.HikariDataSource       : HikariPool-1 - Shutdown completed.
2024-09-12T14:57:15.630+05:30  INFO 28632 --- [SpringbootJPADemo] [restartedMain] .s.b.a.l.ConditionEvaluationReportLogger : 

Error starting ApplicationContext. To display the condition evaluation report re-run your application with 'debug' enabled.
2024-09-12T14:57:15.652+05:30 ERROR 28632 --- [SpringbootJPADemo] [restartedMain] o.s.b.d.LoggingFailureAnalysisReporter   : 

***************************
APPLICATION FAILED TO START
***************************

Description:

Web server failed to start. Port 8081 was already in use.

Action:

Identify and stop the process that's listening on port 8081 or configure this application to listen on another port.

