2024-09-12T14:58:09.271+05:30  INFO 35832 --- [SpringbootJPADemo] [File Watcher] rtingClassPathChangeChangedEventListener : Restarting due to 11 class path changes (0 additions, 0 deletions, 11 modifications)
2024-09-12T14:58:09.294+05:30  INFO 35832 --- [SpringbootJPADemo] [Thread-39] j.LocalContainerEntityManagerFactoryBean : Closing JPA EntityManagerFactory for persistence unit 'default'
2024-09-12T14:58:09.295+05:30  INFO 35832 --- [SpringbootJPADemo] [Thread-39] com.zaxxer.hikari.HikariDataSource       : HikariPool-10 - Shutdown initiated...
2024-09-12T14:58:09.301+05:30  INFO 35832 --- [SpringbootJPADemo] [Thread-39] com.zaxxer.hikari.HikariDataSource       : HikariPool-10 - Shutdown completed.
2024-09-12T14:58:09.391+05:30  INFO 35832 --- [SpringbootJPADemo] [restartedMain] c.revature.SpringbootJpaDemoApplication  : Starting SpringbootJpaDemoApplication using Java 22.0.2 with PID 35832 (C:\Users\vilas\OneDrive\Desktop\Revature_Vilas\SpringbootJPADemo\target\classes started by vilas in C:\Users\vilas\OneDrive\Desktop\Revature_Vilas\SpringbootJPADemo)
2024-09-12T14:58:09.395+05:30  INFO 35832 --- [SpringbootJPADemo] [restartedMain] c.revature.SpringbootJpaDemoApplication  : No active profile set, falling back to 1 default profile: "default"
2024-09-12T14:58:09.599+05:30  INFO 35832 --- [SpringbootJPADemo] [restartedMain] .s.d.r.c.RepositoryConfigurationDelegate : Bootstrapping Spring Data JPA repositories in DEFAULT mode.
2024-09-12T14:58:09.605+05:30  INFO 35832 --- [SpringbootJPADemo] [restartedMain] .s.d.r.c.RepositoryConfigurationDelegate : Finished Spring Data repository scanning in 5 ms. Found 1 JPA repository interface.
2024-09-12T14:58:09.722+05:30  INFO 35832 --- [SpringbootJPADemo] [restartedMain] o.s.b.w.embedded.tomcat.TomcatWebServer  : Tomcat initialized with port 8081 (http)
2024-09-12T14:58:09.723+05:30  INFO 35832 --- [SpringbootJPADemo] [restartedMain] o.apache.catalina.core.StandardService   : Starting service [Tomcat]
2024-09-12T14:58:09.723+05:30  INFO 35832 --- [SpringbootJPADemo] [restartedMain] o.apache.catalina.core.StandardEngine    : Starting Servlet engine: [Apache Tomcat/10.1.28]
2024-09-12T14:58:09.741+05:30  INFO 35832 --- [SpringbootJPADemo] [restartedMain] o.a.c.c.C.[Tomcat].[localhost].[/]       : Initializing Spring embedded WebApplicationContext
2024-09-12T14:58:09.741+05:30  INFO 35832 --- [SpringbootJPADemo] [restartedMain] w.s.c.ServletWebServerApplicationContext : Root WebApplicationContext: initialization completed in 343 ms
2024-09-12T14:58:09.851+05:30  INFO 35832 --- [SpringbootJPADemo] [restartedMain] o.hibernate.jpa.internal.util.LogHelper  : HHH000204: Processing PersistenceUnitInfo [name: default]
2024-09-12T14:58:09.854+05:30  INFO 35832 --- [SpringbootJPADemo] [restartedMain] o.h.c.internal.RegionFactoryInitiator    : HHH000026: Second-level cache disabled
2024-09-12T14:58:09.861+05:30  INFO 35832 --- [SpringbootJPADemo] [restartedMain] o.s.o.j.p.SpringPersistenceUnitInfo      : No LoadTimeWeaver setup: ignoring JPA class transformer
2024-09-12T14:58:09.874+05:30  INFO 35832 --- [SpringbootJPADemo] [restartedMain] com.zaxxer.hikari.HikariDataSource       : HikariPool-11 - Starting...
2024-09-12T14:58:09.894+05:30  INFO 35832 --- [SpringbootJPADemo] [restartedMain] com.zaxxer.hikari.pool.HikariPool        : HikariPool-11 - Added connection com.mysql.cj.jdbc.ConnectionImpl@114847b9
2024-09-12T14:58:09.894+05:30  INFO 35832 --- [SpringbootJPADemo] [restartedMain] com.zaxxer.hikari.HikariDataSource       : HikariPool-11 - Start completed.
2024-09-12T14:58:09.929+05:30  INFO 35832 --- [SpringbootJPADemo] [restartedMain] o.h.e.t.j.p.i.JtaPlatformInitiator       : HHH000489: No JTA platform available (set 'hibernate.transaction.jta.platform' to enable JTA platform integration)
2024-09-12T14:58:09.942+05:30  INFO 35832 --- [SpringbootJPADemo] [restartedMain] j.LocalContainerEntityManagerFactoryBean : Initialized JPA EntityManagerFactory for persistence unit 'default'
2024-09-12T14:58:10.054+05:30  WARN 35832 --- [SpringbootJPADemo] [restartedMain] JpaBaseConfiguration$JpaWebConfiguration : spring.jpa.open-in-view is enabled by default. Therefore, database queries may be performed during view rendering. Explicitly configure spring.jpa.open-in-view to disable this warning
2024-09-12T14:58:10.405+05:30  INFO 35832 --- [SpringbootJPADemo] [restartedMain] o.s.b.d.a.OptionalLiveReloadServer       : LiveReload server is running on port 35729
2024-09-12T14:58:10.411+05:30  INFO 35832 --- [SpringbootJPADemo] [restartedMain] o.s.b.a.e.web.EndpointLinksResolver      : Exposing 15 endpoints beneath base path '/actuator'
2024-09-12T14:58:10.437+05:30  INFO 35832 --- [SpringbootJPADemo] [restartedMain] o.s.b.w.embedded.tomcat.TomcatWebServer  : Tomcat started on port 8081 (http) with context path '/'
2024-09-12T14:58:10.442+05:30  INFO 35832 --- [SpringbootJPADemo] [restartedMain] c.revature.SpringbootJpaDemoApplication  : Started SpringbootJpaDemoApplication in 1.075 seconds (process running for 11959.898)
2024-09-12T14:58:10.444+05:30  INFO 35832 --- [SpringbootJPADemo] [restartedMain] .ConditionEvaluationDeltaLoggingListener : Condition evaluation unchanged
2024-09-12T15:02:12.614+05:30  INFO 35832 --- [SpringbootJPADemo] [http-nio-8081-exec-1] o.a.c.c.C.[Tomcat].[localhost].[/]       : Initializing Spring DispatcherServlet 'dispatcherServlet'
2024-09-12T15:02:12.615+05:30  INFO 35832 --- [SpringbootJPADemo] [http-nio-8081-exec-1] o.s.web.servlet.DispatcherServlet        : Initializing Servlet 'dispatcherServlet'
2024-09-12T15:02:12.621+05:30  INFO 35832 --- [SpringbootJPADemo] [http-nio-8081-exec-1] o.s.web.servlet.DispatcherServlet        : Completed initialization in 5 ms
2024-09-12T15:41:17.451+05:30  INFO 35832 --- [SpringbootJPADemo] [RMI TCP Connection(190)-127.0.0.1] inMXBeanRegistrar$SpringApplicationAdmin : Application shutdown requested.
2024-09-12T15:41:18.577+05:30  INFO 35832 --- [SpringbootJPADemo] [RMI TCP Connection(190)-127.0.0.1] j.LocalContainerEntityManagerFactoryBean : Closing JPA EntityManagerFactory for persistence unit 'default'
2024-09-12T15:41:18.638+05:30  INFO 35832 --- [SpringbootJPADemo] [RMI TCP Connection(190)-127.0.0.1] com.zaxxer.hikari.HikariDataSource       : HikariPool-11 - Shutdown initiated...
2024-09-12T15:41:18.666+05:30  INFO 35832 --- [SpringbootJPADemo] [RMI TCP Connection(190)-127.0.0.1] com.zaxxer.hikari.HikariDataSource       : HikariPool-11 - Shutdown completed.
